<?xml version="1.0" encoding="UTF-8"?>
<testng-results skipped="0" failed="0" total="30" passed="30">
  <reporter-output>
  </reporter-output>
  <suite name="Suite" duration-ms="1362562" started-at="2024-02-19T03:07:17Z" finished-at="2024-02-19T03:30:00Z">
    <groups>
    </groups>
    <test name="Test" duration-ms="1362562" started-at="2024-02-19T03:07:17Z" finished-at="2024-02-19T03:30:00Z">
      <class name="Malware.WebApplication.MalwareScantest1">
        <test-method status="PASS" signature="losrancherossupermarket_12()[pri:0, instance:Malware.WebApplication.MalwareScantest1@617faa95]" name="losrancherossupermarket_12" duration-ms="42298" started-at="2024-02-19T08:45:11Z" finished-at="2024-02-19T08:45:53Z">
          <reporter-output>
          </reporter-output>
        </test-method> <!-- losrancherossupermarket_12 -->
        <test-method status="PASS" signature="omnicontrols_13()[pri:0, instance:Malware.WebApplication.MalwareScantest1@617faa95]" name="omnicontrols_13" duration-ms="31198" started-at="2024-02-19T08:45:53Z" finished-at="2024-02-19T08:46:24Z">
          <reporter-output>
          </reporter-output>
        </test-method> <!-- omnicontrols_13 -->
        <test-method status="PASS" signature="superiorconstructiononline_14()[pri:0, instance:Malware.WebApplication.MalwareScantest1@617faa95]" name="superiorconstructiononline_14" duration-ms="32230" started-at="2024-02-19T08:46:24Z" finished-at="2024-02-19T08:46:56Z">
          <reporter-output>
          </reporter-output>
        </test-method> <!-- superiorconstructiononline_14 -->
      </class> <!-- Malware.WebApplication.MalwareScantest1 -->
      <class name="Malware.WebApplication.Malwarescantest2">
        <test-method status="PASS" signature="browning_15()[pri:0, instance:Malware.WebApplication.Malwarescantest2@5ec0a365]" name="browning_15" duration-ms="34457" started-at="2024-02-19T08:46:56Z" finished-at="2024-02-19T08:47:31Z">
          <reporter-output>
          </reporter-output>
        </test-method> <!-- browning_15 -->
        <test-method status="PASS" signature="seedconsultation_16()[pri:0, instance:Malware.WebApplication.Malwarescantest2@5ec0a365]" name="seedconsultation_16" duration-ms="52329" started-at="2024-02-19T08:47:31Z" finished-at="2024-02-19T08:48:23Z">
          <reporter-output>
          </reporter-output>
        </test-method> <!-- seedconsultation_16 -->
        <test-method status="PASS" signature="startupcompanycounsel_18()[pri:0, instance:Malware.WebApplication.Malwarescantest2@5ec0a365]" name="startupcompanycounsel_18" duration-ms="28348" started-at="2024-02-19T08:48:23Z" finished-at="2024-02-19T08:48:51Z">
          <reporter-output>
          </reporter-output>
        </test-method> <!-- startupcompanycounsel_18 -->
        <test-method status="PASS" signature="kaurfilms_19()[pri:0, instance:Malware.WebApplication.Malwarescantest2@5ec0a365]" name="kaurfilms_19" duration-ms="43603" started-at="2024-02-19T08:48:51Z" finished-at="2024-02-19T08:49:35Z">
          <reporter-output>
          </reporter-output>
        </test-method> <!-- kaurfilms_19 -->
        <test-method status="PASS" signature="capsnecks_20()[pri:0, instance:Malware.WebApplication.Malwarescantest2@5ec0a365]" name="capsnecks_20" duration-ms="30646" started-at="2024-02-19T08:49:35Z" finished-at="2024-02-19T08:50:06Z">
          <reporter-output>
          </reporter-output>
        </test-method> <!-- capsnecks_20 -->
        <test-method status="PASS" signature="ameritexflags_21()[pri:0, instance:Malware.WebApplication.Malwarescantest2@5ec0a365]" name="ameritexflags_21" duration-ms="38692" started-at="2024-02-19T08:50:06Z" finished-at="2024-02-19T08:50:44Z">
          <reporter-output>
          </reporter-output>
        </test-method> <!-- ameritexflags_21 -->
        <test-method status="PASS" signature="hubblefly_22()[pri:0, instance:Malware.WebApplication.Malwarescantest2@5ec0a365]" name="hubblefly_22" duration-ms="49947" started-at="2024-02-19T08:50:44Z" finished-at="2024-02-19T08:51:34Z">
          <reporter-output>
          </reporter-output>
        </test-method> <!-- hubblefly_22 -->
        <test-method status="PASS" signature="thedronedestination_23()[pri:0, instance:Malware.WebApplication.Malwarescantest2@5ec0a365]" name="thedronedestination_23" duration-ms="62289" started-at="2024-02-19T08:51:34Z" finished-at="2024-02-19T08:52:37Z">
          <reporter-output>
          </reporter-output>
        </test-method> <!-- thedronedestination_23 -->
        <test-method status="PASS" signature="omnicontrols_24()[pri:0, instance:Malware.WebApplication.Malwarescantest2@5ec0a365]" name="omnicontrols_24" duration-ms="46337" started-at="2024-02-19T08:52:37Z" finished-at="2024-02-19T08:53:23Z">
          <reporter-output>
          </reporter-output>
        </test-method> <!-- omnicontrols_24 -->
        <test-method status="PASS" signature="visitor_25()[pri:0, instance:Malware.WebApplication.Malwarescantest2@5ec0a365]" name="visitor_25" duration-ms="43373" started-at="2024-02-19T08:53:23Z" finished-at="2024-02-19T08:54:06Z">
          <reporter-output>
          </reporter-output>
        </test-method> <!-- visitor_25 -->
        <test-method status="PASS" signature="riseSeafood_27()[pri:0, instance:Malware.WebApplication.Malwarescantest2@5ec0a365]" name="riseSeafood_27" duration-ms="100603" started-at="2024-02-19T08:54:06Z" finished-at="2024-02-19T08:55:47Z">
          <reporter-output>
          </reporter-output>
        </test-method> <!-- riseSeafood_27 -->
        <test-method status="PASS" signature="emtracsystems_29()[pri:0, instance:Malware.WebApplication.Malwarescantest2@5ec0a365]" name="emtracsystems_29" duration-ms="79998" started-at="2024-02-19T08:55:47Z" finished-at="2024-02-19T08:57:07Z">
          <reporter-output>
          </reporter-output>
        </test-method> <!-- emtracsystems_29 -->
        <test-method status="PASS" signature="rancherocatering_30()[pri:0, instance:Malware.WebApplication.Malwarescantest2@5ec0a365]" name="rancherocatering_30" duration-ms="28591" started-at="2024-02-19T08:57:07Z" finished-at="2024-02-19T08:57:35Z">
          <reporter-output>
          </reporter-output>
        </test-method> <!-- rancherocatering_30 -->
        <test-method status="PASS" signature="utilitycollab_32()[pri:0, instance:Malware.WebApplication.Malwarescantest2@5ec0a365]" name="utilitycollab_32" duration-ms="36564" started-at="2024-02-19T08:57:35Z" finished-at="2024-02-19T08:58:12Z">
          <reporter-output>
          </reporter-output>
        </test-method> <!-- utilitycollab_32 -->
        <test-method status="PASS" signature="losrancherossupermarket_33()[pri:0, instance:Malware.WebApplication.Malwarescantest2@5ec0a365]" name="losrancherossupermarket_33" duration-ms="31524" started-at="2024-02-19T08:58:12Z" finished-at="2024-02-19T08:58:44Z">
          <reporter-output>
          </reporter-output>
        </test-method> <!-- losrancherossupermarket_33 -->
        <test-method status="PASS" signature="powerjetparts_34()[pri:0, instance:Malware.WebApplication.Malwarescantest2@5ec0a365]" name="powerjetparts_34" duration-ms="22853" started-at="2024-02-19T08:58:44Z" finished-at="2024-02-19T08:59:06Z">
          <reporter-output>
          </reporter-output>
        </test-method> <!-- powerjetparts_34 -->
        <test-method status="PASS" signature="biowins_35()[pri:0, instance:Malware.WebApplication.Malwarescantest2@5ec0a365]" name="biowins_35" duration-ms="53239" started-at="2024-02-19T08:59:06Z" finished-at="2024-02-19T09:00:00Z">
          <reporter-output>
          </reporter-output>
        </test-method> <!-- biowins_35 -->
      </class> <!-- Malware.WebApplication.Malwarescantest2 -->
      <class name="Malware.WebApplication.MalwareScanTest">
        <test-method status="PASS" signature="browser()[pri:0, instance:Malware.WebApplication.MalwareScanTest@2ac273d3]" name="browser" is-config="true" duration-ms="27237" started-at="2024-02-19T08:36:50Z" finished-at="2024-02-19T08:37:17Z">
          <reporter-output>
          </reporter-output>
        </test-method> <!-- browser -->
        <test-method status="PASS" signature="aggrid_1()[pri:0, instance:Malware.WebApplication.MalwareScanTest@2ac273d3]" name="aggrid_1" duration-ms="30877" started-at="2024-02-19T08:37:17Z" finished-at="2024-02-19T08:37:48Z">
          <reporter-output>
          </reporter-output>
        </test-method> <!-- aggrid_1 -->
        <test-method status="PASS" signature="ecosolv_2()[pri:0, instance:Malware.WebApplication.MalwareScanTest@2ac273d3]" name="ecosolv_2" duration-ms="13042" started-at="2024-02-19T08:37:48Z" finished-at="2024-02-19T08:38:01Z">
          <reporter-output>
          </reporter-output>
        </test-method> <!-- ecosolv_2 -->
        <test-method status="PASS" signature="elevetco_3()[pri:0, instance:Malware.WebApplication.MalwareScanTest@2ac273d3]" name="elevetco_3" duration-ms="32989" started-at="2024-02-19T08:38:01Z" finished-at="2024-02-19T08:38:34Z">
          <reporter-output>
          </reporter-output>
        </test-method> <!-- elevetco_3 -->
        <test-method status="PASS" signature="georgiayardbarns_4()[pri:0, instance:Malware.WebApplication.MalwareScanTest@2ac273d3]" name="georgiayardbarns_4" duration-ms="58250" started-at="2024-02-19T08:38:34Z" finished-at="2024-02-19T08:39:32Z">
          <reporter-output>
          </reporter-output>
        </test-method> <!-- georgiayardbarns_4 -->
        <test-method status="PASS" signature="jmccormick_5()[pri:0, instance:Malware.WebApplication.MalwareScanTest@2ac273d3]" name="jmccormick_5" duration-ms="37105" started-at="2024-02-19T08:39:32Z" finished-at="2024-02-19T08:40:09Z">
          <reporter-output>
          </reporter-output>
        </test-method> <!-- jmccormick_5 -->
        <test-method status="PASS" signature="michigan_6()[pri:0, instance:Malware.WebApplication.MalwareScanTest@2ac273d3]" name="michigan_6" duration-ms="24665" started-at="2024-02-19T08:40:09Z" finished-at="2024-02-19T08:40:34Z">
          <reporter-output>
          </reporter-output>
        </test-method> <!-- michigan_6 -->
        <test-method status="PASS" signature="ranchero_7()[pri:0, instance:Malware.WebApplication.MalwareScanTest@2ac273d3]" name="ranchero_7" duration-ms="160152" started-at="2024-02-19T08:40:34Z" finished-at="2024-02-19T08:43:14Z">
          <reporter-output>
          </reporter-output>
        </test-method> <!-- ranchero_7 -->
        <test-method status="PASS" signature="westernfire_9()[pri:0, instance:Malware.WebApplication.MalwareScanTest@2ac273d3]" name="westernfire_9" duration-ms="29212" started-at="2024-02-19T08:43:14Z" finished-at="2024-02-19T08:43:43Z">
          <reporter-output>
          </reporter-output>
        </test-method> <!-- westernfire_9 -->
        <test-method status="PASS" signature="epikso_11()[pri:0, instance:Malware.WebApplication.MalwareScanTest@2ac273d3]" name="epikso_11" duration-ms="24066" started-at="2024-02-19T08:43:43Z" finished-at="2024-02-19T08:44:08Z">
          <reporter-output>
          </reporter-output>
        </test-method> <!-- epikso_11 -->
        <test-method status="PASS" signature="omnicontrols_11()[pri:0, instance:Malware.WebApplication.MalwareScanTest@2ac273d3]" name="omnicontrols_11" duration-ms="63023" started-at="2024-02-19T08:44:08Z" finished-at="2024-02-19T08:45:11Z">
          <reporter-output>
          </reporter-output>
        </test-method> <!-- omnicontrols_11 -->
        <test-method status="PASS" signature="browserclose()[pri:0, instance:Malware.WebApplication.MalwareScanTest@2ac273d3]" name="browserclose" is-config="true" duration-ms="1057" started-at="2024-02-19T09:00:00Z" finished-at="2024-02-19T09:00:01Z">
          <reporter-output>
          </reporter-output>
        </test-method> <!-- browserclose -->
      </class> <!-- Malware.WebApplication.MalwareScanTest -->
    </test> <!-- Test -->
  </suite> <!-- Suite -->
</testng-results>
